<?xml version="1.0" encoding="UTF-8"?>
<testng-results ignored="0" total="1" passed="1" failed="0" skipped="0">
  <reporter-output>
  </reporter-output>
  <suite started-at="2024-06-14T11:49:56 PDT" name="Default suite" finished-at="2024-06-14T11:53:26 PDT" duration-ms="209494">
    <groups>
    </groups>
    <test started-at="2024-06-14T11:49:56 PDT" name="Default test" finished-at="2024-06-14T11:53:26 PDT" duration-ms="209494">
      <class name="testcode.webviewHandling">
        <test-method is-config="true" signature="setup()[pri:0, instance:testcode.webviewHandling@55634720]" started-at="2024-06-14T11:49:56 PDT" name="setup" finished-at="2024-06-14T11:53:26 PDT" duration-ms="209402" status="PASS">
          <reporter-output>
          </reporter-output>
        </test-method> <!-- setup -->
        <test-method signature="webViewHandling()[pri:0, instance:testcode.webviewHandling@55634720]" started-at="2024-06-14T11:53:26 PDT" name="webViewHandling" finished-at="2024-06-14T11:53:26 PDT" duration-ms="20" status="PASS">
          <reporter-output>
          </reporter-output>
        </test-method> <!-- webViewHandling -->
        <test-method is-config="true" signature="tearDown()[pri:0, instance:testcode.webviewHandling@55634720]" started-at="2024-06-14T11:53:26 PDT" name="tearDown" finished-at="2024-06-14T11:53:26 PDT" duration-ms="2" status="PASS">
          <reporter-output>
          </reporter-output>
        </test-method> <!-- tearDown -->
        <test-method is-config="true" signature="tearDown()[pri:0, instance:testcode.webviewHandling@55634720]" started-at="2024-06-14T11:53:26 PDT" name="tearDown" finished-at="2024-06-14T11:53:26 PDT" duration-ms="3" status="PASS">
          <reporter-output>
          </reporter-output>
        </test-method> <!-- tearDown -->
      </class> <!-- testcode.webviewHandling -->
    </test> <!-- Default test -->
  </suite> <!-- Default suite -->
</testng-results>
